<?xml version="1.0" encoding="UTF-8"?>
<!-- Generated by org.testng.reporters.JUnitReportReporter -->
<testsuite skipped="1" hostname="MSI" name="com.test.heroku.AlertTest" tests="4" failures="0" timestamp="29 Jan 2022 12:47:56 GMT" time="38.964" errors="0">
  <testcase name="basicAuthAlertTest" time="11.196" classname="com.test.heroku.AlertTest"/>
  <testcase name="basicAuthAlertTest" time="10.571" classname="com.test.heroku.AlertTest"/>
  <testcase name="basicAuthAlertTest" time="17.197" classname="com.test.heroku.AlertTest"/>
  <testcase name="jsAlertTest" classname="com.test.heroku.AlertTest">
    <skipped/>
  </testcase> <!-- jsAlertTest -->
</testsuite> <!-- com.test.heroku.AlertTest -->
