<?xml version="1.0" encoding="UTF-8"?>
<!-- Generated by org.testng.reporters.JUnitReportReporter -->
<testsuite skipped="2" hostname="MSI" name="runner.TestRunner" tests="2" failures="0" timestamp="25 May 2022 10:49:08 GMT" time="0.000" errors="0">
  <testcase name="runScenario" time="0.000" classname="runner.TestRunner">
    <skipped/>
  </testcase> <!-- runScenario -->
  <testcase name="runScenario" time="0.000" classname="runner.TestRunner">
    <skipped/>
  </testcase> <!-- runScenario -->
</testsuite> <!-- runner.TestRunner -->
